
> teacher-eval-frontend@0.0.0 dev
> vite

Port 3000 is in use, trying another one...

  VITE v5.4.20  ready in 284 ms

  ➜  Local:   http://localhost:3001/
  ➜  Network: http://104.251.217.119:3001/
5:09:18 AM [vite] .env changed, restarting server...
5:09:19 AM [vite] server restarted.
5:19:32 AM [vite] vite.config.ts changed, restarting server...
5:19:32 AM [vite] server restarted.
6:57:49 AM [vite] page reload src/types/aiTutor.ts
6:59:39 AM [vite] hmr update /src/pages/AITutor.tsx, /src/index.css
7:00:04 AM [vite] hmr update /src/App.tsx, /src/index.css
7:00:14 AM [vite] hmr update /src/App.tsx, /src/index.css
7:00:35 AM [vite] hmr update /src/components/Layout/Sidebar.tsx, /src/index.css
7:00:44 AM [vite] hmr update /src/components/Layout/Sidebar.tsx, /src/index.css
7:11:57 AM [vite] hmr update /src/pages/AITutor.tsx, /src/index.css
7:12:11 AM [vite] hmr update /src/pages/AITutor.tsx, /src/index.css
7:13:29 AM [vite] hmr update /src/pages/AITutor.tsx, /src/index.css
12:15:19 AM [vite] hmr update /src/pages/AITutor.tsx, /src/index.css
12:15:29 AM [vite] hmr update /src/pages/AITutor.tsx, /src/index.css
12:15:45 AM [vite] hmr update /src/pages/AITutor.tsx, /src/index.css
12:15:57 AM [vite] hmr update /src/pages/AITutor.tsx, /src/index.css
12:16:15 AM [vite] hmr update /src/pages/AITutor.tsx, /src/index.css
12:16:34 AM [vite] hmr update /src/pages/AITutor.tsx, /src/index.css
12:16:46 AM [vite] hmr update /src/pages/AITutor.tsx, /src/index.css
12:24:13 AM [vite] page reload src/types/k12.ts
12:24:56 AM [vite] hmr update /src/pages/TeacherCreateAssessment.tsx, /src/index.css
12:25:11 AM [vite] hmr update /src/pages/TeacherCreateAssessment.tsx, /src/index.css
12:25:33 AM [vite] hmr update /src/pages/TeacherCreateAssessment.tsx, /src/index.css
12:26:01 AM [vite] hmr update /src/pages/TeacherCreateAssessment.tsx, /src/index.css
12:26:44 AM [vite] hmr update /src/pages/TeacherCreateAssessment.tsx, /src/index.css
12:58:08 AM [vite] hmr update /src/pages/TeacherCreateAssessment.tsx, /src/index.css
12:58:17 AM [vite] hmr update /src/pages/TeacherCreateAssessment.tsx, /src/index.css
12:58:44 AM [vite] hmr update /src/pages/TeacherCreateAssessment.tsx, /src/index.css
1:28:37 AM [vite] hmr update /src/pages/AITutor.tsx, /src/index.css
1:28:43 AM [vite] hmr update /src/pages/AITutor.tsx, /src/index.css
1:28:51 AM [vite] hmr update /src/pages/AITutor.tsx, /src/index.css
